# JRE version: Java(TM) SE Runtime Environment (12.0.1+12) (build 12.0.1+12)
# Java VM: Java HotSpot(TM) 64-Bit Server VM (12.0.1+12, mixed mode, sharing, tiered, compressed oops, g1 gc, windows-amd64)
Heap:
 garbage-first heap   total 18432K, used 5412K [0x00000000c0000000, 0x0000000100000000)
  region size 1024K, 1 young (1024K), 1 survivors (1024K)
 Metaspace       used 8664K, capacity 11431K, committed 11648K, reserved 1058816K
  class space    used 1023K, capacity 1327K, committed 1408K, reserved 1048576K
GC Heap History (10 events):
Event: 0.814 GC heap after
{Heap after GC invocations=9 (full 0):
 garbage-first heap   total 10240K, used 4251K [0x00000000c0000000, 0x0000000100000000)
  region size 1024K, 1 young (1024K), 1 survivors (1024K)
 Metaspace       used 8253K, capacity 11184K, committed 11392K, reserved 1058816K
  class space    used 983K, capacity 1309K, committed 1408K, reserved 1048576K
}
Event: 0.841 GC heap before
{Heap before GC invocations=9 (full 0):
 garbage-first heap   total 10240K, used 5275K [0x00000000c0000000, 0x0000000100000000)
  region size 1024K, 2 young (2048K), 1 survivors (1024K)
 Metaspace       used 8379K, capacity 11260K, committed 11392K, reserved 1058816K
  class space    used 995K, capacity 1313K, committed 1408K, reserved 1048576K
}
Event: 0.842 GC heap after
{Heap after GC invocations=10 (full 0):
 garbage-first heap   total 12288K, used 4466K [0x00000000c0000000, 0x0000000100000000)
  region size 1024K, 1 young (1024K), 1 survivors (1024K)
 Metaspace       used 8379K, capacity 11260K, committed 11392K, reserved 1058816K
  class space    used 995K, capacity 1313K, committed 1408K, reserved 1048576K
}
Event: 0.877 GC heap before
{Heap before GC invocations=10 (full 0):
 garbage-first heap   total 12288K, used 6514K [0x00000000c0000000, 0x0000000100000000)
  region size 1024K, 3 young (3072K), 1 survivors (1024K)
 Metaspace       used 8587K, capacity 11366K, committed 11648K, reserved 1058816K
  class space    used 1023K, capacity 1327K, committed 1408K, reserved 1048576K
}
Event: 0.879 GC heap after
{Heap after GC invocations=11 (full 0):
 garbage-first heap   total 12288K, used 4805K [0x00000000c0000000, 0x0000000100000000)
  region size 1024K, 1 young (1024K), 1 survivors (1024K)
 Metaspace       used 8587K, capacity 11366K, committed 11648K, reserved 1058816K
  class space    used 1023K, capacity 1327K, committed 1408K, reserved 1048576K
}
Event: 0.911 GC heap before
{Heap before GC invocations=11 (full 0):
 garbage-first heap   total 12288K, used 6853K [0x00000000c0000000, 0x0000000100000000)
  region size 1024K, 3 young (3072K), 1 survivors (1024K)
 Metaspace       used 8661K, capacity 11431K, committed 11648K, reserved 1058816K
  class space    used 1023K, capacity 1327K, committed 1408K, reserved 1048576K
}
Event: 0.914 GC heap after
{Heap after GC invocations=12 (full 0):
 garbage-first heap   total 12288K, used 5129K [0x00000000c0000000, 0x0000000100000000)
  region size 1024K, 1 young (1024K), 1 survivors (1024K)
 Metaspace       used 8661K, capacity 11431K, committed 11648K, reserved 1058816K
  class space    used 1023K, capacity 1327K, committed 1408K, reserved 1048576K
}
Event: 0.918 GC heap before
{Heap before GC invocations=12 (full 0):
 garbage-first heap   total 12288K, used 6153K [0x00000000c0000000, 0x0000000100000000)
  region size 1024K, 2 young (2048K), 1 survivors (1024K)
 Metaspace       used 8664K, capacity 11431K, committed 11648K, reserved 1058816K
  class space    used 1023K, capacity 1327K, committed 1408K, reserved 1048576K
}
Event: 0.921 GC heap after
{Heap after GC invocations=13 (full 0):
 garbage-first heap   total 12288K, used 5272K [0x00000000c0000000, 0x0000000100000000)
  region size 1024K, 1 young (1024K), 1 survivors (1024K)
 Metaspace       used 8664K, capacity 11431K, committed 11648K, reserved 1058816K
  class space    used 1023K, capacity 1327K, committed 1408K, reserved 1048576K
}
Event: 0.923 GC heap before
{Heap before GC invocations=13 (full 0):
 garbage-first heap   total 12288K, used 6296K [0x00000000c0000000, 0x0000000100000000)
  region size 1024K, 2 young (2048K), 1 survivors (1024K)
 Metaspace       used 8664K, capacity 11431K, committed 11648K, reserved 1058816K
  class space    used 1023K, capacity 1327K, committed 1408K, reserved 1048576K
}

