# JRE version: Java(TM) SE Runtime Environment (12.0.1+12) (build 12.0.1+12)
# Java VM: Java HotSpot(TM) 64-Bit Server VM (12.0.1+12, mixed mode, sharing, tiered, compressed oops, g1 gc, windows-amd64)
Heap:
 garbage-first heap   total 15360K, used 5452K [0x00000000c0000000, 0x0000000100000000)
  region size 1024K, 1 young (1024K), 1 survivors (1024K)
 Metaspace       used 8708K, capacity 11432K, committed 11648K, reserved 1058816K
  class space    used 1023K, capacity 1327K, committed 1408K, reserved 1048576K
GC Heap History (10 events):
Event: 0.968 GC heap after
{Heap after GC invocations=8 (full 0):
 garbage-first heap   total 10240K, used 4194K [0x00000000c0000000, 0x0000000100000000)
  region size 1024K, 1 young (1024K), 1 survivors (1024K)
 Metaspace       used 8277K, capacity 11185K, committed 11392K, reserved 1058816K
  class space    used 983K, capacity 1309K, committed 1408K, reserved 1048576K
}
Event: 1.008 GC heap before
{Heap before GC invocations=8 (full 0):
 garbage-first heap   total 10240K, used 5218K [0x00000000c0000000, 0x0000000100000000)
  region size 1024K, 2 young (2048K), 1 survivors (1024K)
 Metaspace       used 8411K, capacity 11325K, committed 11648K, reserved 1058816K
  class space    used 996K, capacity 1313K, committed 1408K, reserved 1048576K
}
Event: 1.011 GC heap after
{Heap after GC invocations=9 (full 0):
 garbage-first heap   total 12288K, used 4466K [0x00000000c0000000, 0x0000000100000000)
  region size 1024K, 1 young (1024K), 1 survivors (1024K)
 Metaspace       used 8411K, capacity 11325K, committed 11648K, reserved 1058816K
  class space    used 996K, capacity 1313K, committed 1408K, reserved 1048576K
}
Event: 1.047 GC heap before
{Heap before GC invocations=9 (full 0):
 garbage-first heap   total 12288K, used 6514K [0x00000000c0000000, 0x0000000100000000)
  region size 1024K, 3 young (3072K), 1 survivors (1024K)
 Metaspace       used 8607K, capacity 11431K, committed 11648K, reserved 1058816K
  class space    used 1023K, capacity 1327K, committed 1408K, reserved 1048576K
}
Event: 1.049 GC heap after
{Heap after GC invocations=10 (full 0):
 garbage-first heap   total 12288K, used 4792K [0x00000000c0000000, 0x0000000100000000)
  region size 1024K, 1 young (1024K), 1 survivors (1024K)
 Metaspace       used 8607K, capacity 11431K, committed 11648K, reserved 1058816K
  class space    used 1023K, capacity 1327K, committed 1408K, reserved 1048576K
}
Event: 1.090 GC heap before
{Heap before GC invocations=10 (full 0):
 garbage-first heap   total 12288K, used 6840K [0x00000000c0000000, 0x0000000100000000)
  region size 1024K, 3 young (3072K), 1 survivors (1024K)
 Metaspace       used 8705K, capacity 11432K, committed 11648K, reserved 1058816K
  class space    used 1023K, capacity 1327K, committed 1408K, reserved 1048576K
}
Event: 1.092 GC heap after
{Heap after GC invocations=11 (full 0):
 garbage-first heap   total 12288K, used 5091K [0x00000000c0000000, 0x0000000100000000)
  region size 1024K, 1 young (1024K), 1 survivors (1024K)
 Metaspace       used 8705K, capacity 11432K, committed 11648K, reserved 1058816K
  class space    used 1023K, capacity 1327K, committed 1408K, reserved 1048576K
}
Event: 1.095 GC heap before
{Heap before GC invocations=11 (full 0):
 garbage-first heap   total 12288K, used 6115K [0x00000000c0000000, 0x0000000100000000)
  region size 1024K, 2 young (2048K), 1 survivors (1024K)
 Metaspace       used 8707K, capacity 11432K, committed 11648K, reserved 1058816K
  class space    used 1023K, capacity 1327K, committed 1408K, reserved 1048576K
}
Event: 1.096 GC heap after
{Heap after GC invocations=12 (full 0):
 garbage-first heap   total 12288K, used 5311K [0x00000000c0000000, 0x0000000100000000)
  region size 1024K, 1 young (1024K), 1 survivors (1024K)
 Metaspace       used 8707K, capacity 11432K, committed 11648K, reserved 1058816K
  class space    used 1023K, capacity 1327K, committed 1408K, reserved 1048576K
}
Event: 1.099 GC heap before
{Heap before GC invocations=12 (full 0):
 garbage-first heap   total 12288K, used 6335K [0x00000000c0000000, 0x0000000100000000)
  region size 1024K, 2 young (2048K), 1 survivors (1024K)
 Metaspace       used 8708K, capacity 11432K, committed 11648K, reserved 1058816K
  class space    used 1023K, capacity 1327K, committed 1408K, reserved 1048576K
}

